[ 2015-09-25T13:02:30+08:00 ] ::1 /Intellectual_Campus_01/Application/index.php/Check_Name/Teacher/teacherLogin
INFO: [ app_init ] --START--
INFO: Run Behavior\BuildLiteBehavior [ RunTime:0.000048s ]
INFO: [ app_init ] --END-- [ RunTime:0.001390s ]
INFO: [ app_begin ] --START--
INFO: Run Behavior\ReadHtmlCacheBehavior [ RunTime:0.002612s ]
INFO: [ app_begin ] --END-- [ RunTime:0.002817s ]
INFO: [ view_parse ] --START--
INFO: [ template_filter ] --START--
INFO: Run Behavior\ContentReplaceBehavior [ RunTime:0.000101s ]
INFO: [ template_filter ] --END-- [ RunTime:0.000255s ]
INFO: Run Behavior\ParseTemplateBehavior [ RunTime:0.076168s ]
INFO: [ view_parse ] --END-- [ RunTime:0.076274s ]
INFO: [ view_filter ] --START--
INFO: Run Behavior\WriteHtmlCacheBehavior [ RunTime:0.000821s ]
INFO: [ view_filter ] --END-- [ RunTime:0.000883s ]
INFO: [ app_end ] --START--
INFO: Run Behavior\ShowPageTraceBehavior [ RunTime:0.001366s ]
INFO: [ app_end ] --END-- [ RunTime:0.001436s ]

[ 2015-09-25T13:02:32+08:00 ] ::1 /Intellectual_Campus_01/Application/index.php/Check_Name/Teacher/validate.html
INFO: [ app_init ] --START--
INFO: Run Behavior\BuildLiteBehavior [ RunTime:0.000011s ]
INFO: [ app_init ] --END-- [ RunTime:0.000296s ]
INFO: [ app_begin ] --START--
INFO: Run Behavior\ReadHtmlCacheBehavior [ RunTime:0.000586s ]
INFO: [ app_begin ] --END-- [ RunTime:0.000625s ]

[ 2015-09-25T13:06:20+08:00 ] ::1 /Intellectual_Campus_01/Application/index.php/Check_Name/Teacher/validate.html
INFO: [ app_init ] --START--
INFO: Run Behavior\BuildLiteBehavior [ RunTime:0.000011s ]
INFO: [ app_init ] --END-- [ RunTime:0.000305s ]
INFO: [ app_begin ] --START--
INFO: Run Behavior\ReadHtmlCacheBehavior [ RunTime:0.000597s ]
INFO: [ app_begin ] --END-- [ RunTime:0.000637s ]
NOTIC: [8] Undefined variable: formUrl D:\XAMPP\htdocs\Intellectual_Campus_01\Application\Check_Name\Model\TeacherModel.class.php 第 14 行.

[ 2015-09-25T13:06:20+08:00 ] ::1 /Intellectual_Campus_01/Application/index.php/Check_Name/Teacher/courseDisplay/teacher_id/200911839.html
INFO: [ app_init ] --START--
INFO: Run Behavior\BuildLiteBehavior [ RunTime:0.000012s ]
INFO: [ app_init ] --END-- [ RunTime:0.000299s ]
INFO: [ app_begin ] --START--
INFO: Run Behavior\ReadHtmlCacheBehavior [ RunTime:0.000593s ]
INFO: [ app_begin ] --END-- [ RunTime:0.000632s ]
SQL: select teacher_name from teacher_information where teacher_id='200911839'  [ RunTime:0.0332s ]
NOTIC: [8] Use of undefined constant teacher_name - assumed 'teacher_name' D:\XAMPP\htdocs\Intellectual_Campus_01\Application\Check_Name\Controller\TeacherController.class.php 第 31 行.
SQL: select course_id ,course_name ,course_time from course_form where course_teacher='罗老师' [ RunTime:0.0324s ]
INFO: [ view_parse ] --START--
INFO: [ template_filter ] --START--
INFO: Run Behavior\ContentReplaceBehavior [ RunTime:0.000065s ]
INFO: [ template_filter ] --END-- [ RunTime:0.000146s ]
INFO: Run Behavior\ParseTemplateBehavior [ RunTime:0.014308s ]
INFO: [ view_parse ] --END-- [ RunTime:0.014392s ]
INFO: [ view_filter ] --START--
INFO: Run Behavior\WriteHtmlCacheBehavior [ RunTime:0.000870s ]
INFO: [ view_filter ] --END-- [ RunTime:0.000934s ]
INFO: [ app_end ] --START--
INFO: Run Behavior\ShowPageTraceBehavior [ RunTime:0.001280s ]
INFO: [ app_end ] --END-- [ RunTime:0.001346s ]

[ 2015-09-25T13:18:36+08:00 ] ::1 /Intellectual_Campus_01/Application/index.php/Check_Name/Teacher/validate.html
INFO: [ app_init ] --START--
INFO: Run Behavior\BuildLiteBehavior [ RunTime:0.000011s ]
INFO: [ app_init ] --END-- [ RunTime:0.000286s ]
INFO: [ app_begin ] --START--
INFO: Run Behavior\ReadHtmlCacheBehavior [ RunTime:0.000959s ]
INFO: [ app_begin ] --END-- [ RunTime:0.001012s ]
NOTIC: [8] Undefined variable: formUrl D:\XAMPP\htdocs\Intellectual_Campus_01\Application\Check_Name\Model\TeacherModel.class.php 第 14 行.

[ 2015-09-25T13:18:36+08:00 ] ::1 /Intellectual_Campus_01/Application/index.php/Check_Name/Teacher/courseDisplay/teacher_id/200911839.html
INFO: [ app_init ] --START--
INFO: Run Behavior\BuildLiteBehavior [ RunTime:0.000013s ]
INFO: [ app_init ] --END-- [ RunTime:0.000350s ]
INFO: [ app_begin ] --START--
INFO: Run Behavior\ReadHtmlCacheBehavior [ RunTime:0.000680s ]
INFO: [ app_begin ] --END-- [ RunTime:0.000725s ]
SQL: select teacher_name from teacher_information where teacher_id='200911839'  [ RunTime:0.0320s ]
NOTIC: [8] Use of undefined constant teacher_name - assumed 'teacher_name' D:\XAMPP\htdocs\Intellectual_Campus_01\Application\Check_Name\Controller\TeacherController.class.php 第 31 行.
SQL: select course_id ,course_name ,course_time from course_form where course_teacher='罗老师' [ RunTime:0.0321s ]
INFO: [ view_parse ] --START--
INFO: [ template_filter ] --START--
INFO: Run Behavior\ContentReplaceBehavior [ RunTime:0.000058s ]
INFO: [ template_filter ] --END-- [ RunTime:0.000139s ]
INFO: Run Behavior\ParseTemplateBehavior [ RunTime:0.012386s ]
INFO: [ view_parse ] --END-- [ RunTime:0.012472s ]
INFO: [ view_filter ] --START--
INFO: Run Behavior\WriteHtmlCacheBehavior [ RunTime:0.000862s ]
INFO: [ view_filter ] --END-- [ RunTime:0.000926s ]
INFO: [ app_end ] --START--
INFO: Run Behavior\ShowPageTraceBehavior [ RunTime:0.001280s ]
INFO: [ app_end ] --END-- [ RunTime:0.001345s ]

[ 2015-09-25T13:18:37+08:00 ] ::1 /Intellectual_Campus_01/Application/index.php/Check_Name/Teacher/courseDisplay/teacher_id/Thinkphp_3.2.3_Full/Public/Css/bootstrap.min.css
INFO: [ app_init ] --START--
INFO: Run Behavior\BuildLiteBehavior [ RunTime:0.000015s ]
INFO: [ app_init ] --END-- [ RunTime:0.000404s ]
INFO: [ app_begin ] --START--
INFO: Run Behavior\ReadHtmlCacheBehavior [ RunTime:0.000741s ]
INFO: [ app_begin ] --END-- [ RunTime:0.000791s ]
SQL: select teacher_name from teacher_information where teacher_id='Thinkphp_3.2.3_Full'  [ RunTime:0.0310s ]
NOTIC: [8] Use of undefined constant teacher_name - assumed 'teacher_name' D:\XAMPP\htdocs\Intellectual_Campus_01\Application\Check_Name\Controller\TeacherController.class.php 第 31 行.
NOTIC: [8] Undefined offset: 0 D:\XAMPP\htdocs\Intellectual_Campus_01\Application\Check_Name\Controller\TeacherController.class.php 第 31 行.
SQL: select course_id ,course_name ,course_time from course_form where course_teacher='' [ RunTime:0.0306s ]
INFO: [ view_parse ] --START--
INFO: [ template_filter ] --START--
INFO: Run Behavior\ContentReplaceBehavior [ RunTime:0.000057s ]
INFO: [ template_filter ] --END-- [ RunTime:0.000136s ]
INFO: Run Behavior\ParseTemplateBehavior [ RunTime:0.023971s ]
INFO: [ view_parse ] --END-- [ RunTime:0.024069s ]
INFO: [ view_filter ] --START--
INFO: Run Behavior\WriteHtmlCacheBehavior [ RunTime:0.000796s ]
INFO: [ view_filter ] --END-- [ RunTime:0.000862s ]
INFO: [ app_end ] --START--
INFO: Run Behavior\ShowPageTraceBehavior [ RunTime:0.001270s ]
INFO: [ app_end ] --END-- [ RunTime:0.001338s ]

[ 2015-09-25T13:18:42+08:00 ] ::1 /Intellectual_Campus_01/Application/index.php/Check_Name/Teacher/validate.html
INFO: [ app_init ] --START--
INFO: Run Behavior\BuildLiteBehavior [ RunTime:0.000012s ]
INFO: [ app_init ] --END-- [ RunTime:0.000322s ]
INFO: [ app_begin ] --START--
INFO: Run Behavior\ReadHtmlCacheBehavior [ RunTime:0.000522s ]
INFO: [ app_begin ] --END-- [ RunTime:0.000561s ]
NOTIC: [8] Undefined variable: formUrl D:\XAMPP\htdocs\Intellectual_Campus_01\Application\Check_Name\Model\TeacherModel.class.php 第 14 行.

[ 2015-09-25T13:18:42+08:00 ] ::1 /Intellectual_Campus_01/Application/index.php/Check_Name/Teacher/courseDisplay/teacher_id/200911839.html
INFO: [ app_init ] --START--
INFO: Run Behavior\BuildLiteBehavior [ RunTime:0.000014s ]
INFO: [ app_init ] --END-- [ RunTime:0.000353s ]
INFO: [ app_begin ] --START--
INFO: Run Behavior\ReadHtmlCacheBehavior [ RunTime:0.000535s ]
INFO: [ app_begin ] --END-- [ RunTime:0.000576s ]
SQL: select teacher_name from teacher_information where teacher_id='200911839'  [ RunTime:0.0320s ]
NOTIC: [8] Use of undefined constant teacher_name - assumed 'teacher_name' D:\XAMPP\htdocs\Intellectual_Campus_01\Application\Check_Name\Controller\TeacherController.class.php 第 31 行.
SQL: select course_id ,course_name ,course_time from course_form where course_teacher='罗老师' [ RunTime:0.0317s ]
INFO: [ view_parse ] --START--
INFO: [ template_filter ] --START--
INFO: Run Behavior\ContentReplaceBehavior [ RunTime:0.000057s ]
INFO: [ template_filter ] --END-- [ RunTime:0.000138s ]
INFO: Run Behavior\ParseTemplateBehavior [ RunTime:0.012464s ]
INFO: [ view_parse ] --END-- [ RunTime:0.012554s ]
INFO: [ view_filter ] --START--
INFO: Run Behavior\WriteHtmlCacheBehavior [ RunTime:0.000684s ]
INFO: [ view_filter ] --END-- [ RunTime:0.000745s ]
INFO: [ app_end ] --START--
INFO: Run Behavior\ShowPageTraceBehavior [ RunTime:0.001108s ]
INFO: [ app_end ] --END-- [ RunTime:0.001172s ]

[ 2015-09-25T13:18:43+08:00 ] ::1 /Intellectual_Campus_01/Application/index.php/Check_Name/Teacher/courseDisplay/teacher_id/Thinkphp_3.2.3_Full/Public/Css/bootstrap.min.css
INFO: [ app_init ] --START--
INFO: Run Behavior\BuildLiteBehavior [ RunTime:0.000024s ]
INFO: [ app_init ] --END-- [ RunTime:0.000673s ]
INFO: [ app_begin ] --START--
INFO: Run Behavior\ReadHtmlCacheBehavior [ RunTime:0.001222s ]
INFO: [ app_begin ] --END-- [ RunTime:0.001307s ]
SQL: select teacher_name from teacher_information where teacher_id='Thinkphp_3.2.3_Full'  [ RunTime:0.0332s ]
NOTIC: [8] Use of undefined constant teacher_name - assumed 'teacher_name' D:\XAMPP\htdocs\Intellectual_Campus_01\Application\Check_Name\Controller\TeacherController.class.php 第 31 行.
NOTIC: [8] Undefined offset: 0 D:\XAMPP\htdocs\Intellectual_Campus_01\Application\Check_Name\Controller\TeacherController.class.php 第 31 行.
SQL: select course_id ,course_name ,course_time from course_form where course_teacher='' [ RunTime:0.0321s ]
INFO: [ view_parse ] --START--
INFO: [ template_filter ] --START--
INFO: Run Behavior\ContentReplaceBehavior [ RunTime:0.000036s ]
INFO: [ template_filter ] --END-- [ RunTime:0.000086s ]
INFO: Run Behavior\ParseTemplateBehavior [ RunTime:0.007072s ]
INFO: [ view_parse ] --END-- [ RunTime:0.007125s ]
INFO: [ view_filter ] --START--
INFO: Run Behavior\WriteHtmlCacheBehavior [ RunTime:0.000438s ]
INFO: [ view_filter ] --END-- [ RunTime:0.000474s ]
INFO: [ app_end ] --START--
INFO: Run Behavior\ShowPageTraceBehavior [ RunTime:0.000676s ]
INFO: [ app_end ] --END-- [ RunTime:0.000712s ]

[ 2015-09-25T13:18:56+08:00 ] ::1 /Intellectual_Campus_01/Application/index.php/Check_Name/Teacher/validate.html
INFO: [ app_init ] --START--
INFO: Run Behavior\BuildLiteBehavior [ RunTime:0.000012s ]
INFO: [ app_init ] --END-- [ RunTime:0.000318s ]
INFO: [ app_begin ] --START--
INFO: Run Behavior\ReadHtmlCacheBehavior [ RunTime:0.000604s ]
INFO: [ app_begin ] --END-- [ RunTime:0.000647s ]
NOTIC: [8] Undefined variable: formUrl D:\XAMPP\htdocs\Intellectual_Campus_01\Application\Check_Name\Model\TeacherModel.class.php 第 14 行.

[ 2015-09-25T13:18:57+08:00 ] ::1 /Intellectual_Campus_01/Application/index.php/Check_Name/Teacher/courseDisplay/teacher_id/200911839.html
INFO: [ app_init ] --START--
INFO: Run Behavior\BuildLiteBehavior [ RunTime:0.000011s ]
INFO: [ app_init ] --END-- [ RunTime:0.000329s ]
INFO: [ app_begin ] --START--
INFO: Run Behavior\ReadHtmlCacheBehavior [ RunTime:0.000574s ]
INFO: [ app_begin ] --END-- [ RunTime:0.000610s ]
SQL: select teacher_name from teacher_information where teacher_id='200911839'  [ RunTime:0.0328s ]
NOTIC: [8] Use of undefined constant teacher_name - assumed 'teacher_name' D:\XAMPP\htdocs\Intellectual_Campus_01\Application\Check_Name\Controller\TeacherController.class.php 第 31 行.
SQL: select course_id ,course_name ,course_time from course_form where course_teacher='罗老师' [ RunTime:0.0324s ]
INFO: [ view_parse ] --START--
INFO: [ template_filter ] --START--
INFO: Run Behavior\ContentReplaceBehavior [ RunTime:0.000109s ]
INFO: [ template_filter ] --END-- [ RunTime:0.000263s ]
INFO: Run Behavior\ParseTemplateBehavior [ RunTime:0.023258s ]
INFO: [ view_parse ] --END-- [ RunTime:0.023409s ]
INFO: [ view_filter ] --START--
INFO: Run Behavior\WriteHtmlCacheBehavior [ RunTime:0.001467s ]
INFO: [ view_filter ] --END-- [ RunTime:0.001584s ]
INFO: [ app_end ] --START--
INFO: Run Behavior\ShowPageTraceBehavior [ RunTime:0.002288s ]
INFO: [ app_end ] --END-- [ RunTime:0.002406s ]

[ 2015-09-25T13:19:18+08:00 ] ::1 /Intellectual_Campus_01/Application/index.php/Check_Name/Teacher/validate.html
INFO: [ app_init ] --START--
INFO: Run Behavior\BuildLiteBehavior [ RunTime:0.000013s ]
INFO: [ app_init ] --END-- [ RunTime:0.000578s ]
INFO: [ app_begin ] --START--
INFO: Run Behavior\ReadHtmlCacheBehavior [ RunTime:0.000571s ]
INFO: [ app_begin ] --END-- [ RunTime:0.000612s ]
NOTIC: [8] Undefined variable: formUrl D:\XAMPP\htdocs\Intellectual_Campus_01\Application\Check_Name\Model\TeacherModel.class.php 第 14 行.

[ 2015-09-25T13:19:19+08:00 ] ::1 /Intellectual_Campus_01/Application/index.php/Check_Name/Teacher/courseDisplay/teacher_id/200911839.html
INFO: [ app_init ] --START--
INFO: Run Behavior\BuildLiteBehavior [ RunTime:0.000011s ]
INFO: [ app_init ] --END-- [ RunTime:0.000308s ]
INFO: [ app_begin ] --START--
INFO: Run Behavior\ReadHtmlCacheBehavior [ RunTime:0.000574s ]
INFO: [ app_begin ] --END-- [ RunTime:0.000613s ]
SQL: select teacher_name from teacher_information where teacher_id='200911839'  [ RunTime:0.0317s ]
NOTIC: [8] Use of undefined constant teacher_name - assumed 'teacher_name' D:\XAMPP\htdocs\Intellectual_Campus_01\Application\Check_Name\Controller\TeacherController.class.php 第 31 行.
SQL: select course_id ,course_name ,course_time from course_form where course_teacher='罗老师' [ RunTime:0.0317s ]
INFO: [ view_parse ] --START--
INFO: [ template_filter ] --START--
INFO: Run Behavior\ContentReplaceBehavior [ RunTime:0.000033s ]
INFO: [ template_filter ] --END-- [ RunTime:0.000072s ]
INFO: Run Behavior\ParseTemplateBehavior [ RunTime:0.006608s ]
INFO: [ view_parse ] --END-- [ RunTime:0.006649s ]
INFO: [ view_filter ] --START--
INFO: Run Behavior\WriteHtmlCacheBehavior [ RunTime:0.000342s ]
INFO: [ view_filter ] --END-- [ RunTime:0.000370s ]
INFO: [ app_end ] --START--
INFO: Run Behavior\ShowPageTraceBehavior [ RunTime:0.000568s ]
INFO: [ app_end ] --END-- [ RunTime:0.000598s ]

[ 2015-09-25T13:19:19+08:00 ] ::1 /Intellectual_Campus_01/Application/index.php/Check_Name/Teacher/courseDisplay/teacher_id//Intellectual_Campus_01/Application/Thinkphp_3.2.3_Full/Public/Js/bootstrap.min.js
INFO: [ app_init ] --START--
INFO: Run Behavior\BuildLiteBehavior [ RunTime:0.000012s ]
INFO: [ app_init ] --END-- [ RunTime:0.000317s ]
INFO: [ app_begin ] --START--
INFO: Run Behavior\ReadHtmlCacheBehavior [ RunTime:0.000615s ]
INFO: [ app_begin ] --END-- [ RunTime:0.000652s ]
SQL: select teacher_name from teacher_information where teacher_id='Intellectual_Campus_01'  [ RunTime:0.0323s ]
NOTIC: [8] Use of undefined constant teacher_name - assumed 'teacher_name' D:\XAMPP\htdocs\Intellectual_Campus_01\Application\Check_Name\Controller\TeacherController.class.php 第 31 行.
NOTIC: [8] Undefined offset: 0 D:\XAMPP\htdocs\Intellectual_Campus_01\Application\Check_Name\Controller\TeacherController.class.php 第 31 行.
SQL: select course_id ,course_name ,course_time from course_form where course_teacher='' [ RunTime:0.0321s ]
INFO: [ view_parse ] --START--
INFO: [ template_filter ] --START--
INFO: Run Behavior\ContentReplaceBehavior [ RunTime:0.000056s ]
INFO: [ template_filter ] --END-- [ RunTime:0.000129s ]
INFO: Run Behavior\ParseTemplateBehavior [ RunTime:0.012234s ]
INFO: [ view_parse ] --END-- [ RunTime:0.012337s ]
INFO: [ view_filter ] --START--
INFO: Run Behavior\WriteHtmlCacheBehavior [ RunTime:0.000674s ]
INFO: [ view_filter ] --END-- [ RunTime:0.000729s ]
INFO: [ app_end ] --START--
INFO: Run Behavior\ShowPageTraceBehavior [ RunTime:0.001051s ]
INFO: [ app_end ] --END-- [ RunTime:0.001107s ]

[ 2015-09-25T13:19:19+08:00 ] ::1 /Intellectual_Campus_01/Application/index.php/Check_Name/Teacher/courseDisplay/teacher_id//Intellectual_Campus_01/Application/Thinkphp_3.2.3_Full/Public/Css/bootstrap.min.css
INFO: [ app_init ] --START--
INFO: Run Behavior\BuildLiteBehavior [ RunTime:0.000010s ]
INFO: [ app_init ] --END-- [ RunTime:0.000280s ]
INFO: [ app_begin ] --START--
INFO: Run Behavior\ReadHtmlCacheBehavior [ RunTime:0.000622s ]
INFO: [ app_begin ] --END-- [ RunTime:0.000660s ]
SQL: select teacher_name from teacher_information where teacher_id='Intellectual_Campus_01'  [ RunTime:0.0306s ]
NOTIC: [8] Use of undefined constant teacher_name - assumed 'teacher_name' D:\XAMPP\htdocs\Intellectual_Campus_01\Application\Check_Name\Controller\TeacherController.class.php 第 31 行.
NOTIC: [8] Undefined offset: 0 D:\XAMPP\htdocs\Intellectual_Campus_01\Application\Check_Name\Controller\TeacherController.class.php 第 31 行.
SQL: select course_id ,course_name ,course_time from course_form where course_teacher='' [ RunTime:0.0302s ]
INFO: [ view_parse ] --START--
INFO: [ template_filter ] --START--
INFO: Run Behavior\ContentReplaceBehavior [ RunTime:0.000090s ]
INFO: [ template_filter ] --END-- [ RunTime:0.000207s ]
INFO: Run Behavior\ParseTemplateBehavior [ RunTime:0.017158s ]
INFO: [ view_parse ] --END-- [ RunTime:0.017287s ]
INFO: [ view_filter ] --START--
INFO: Run Behavior\WriteHtmlCacheBehavior [ RunTime:0.001172s ]
INFO: [ view_filter ] --END-- [ RunTime:0.001266s ]
INFO: [ app_end ] --START--
INFO: Run Behavior\ShowPageTraceBehavior [ RunTime:0.001817s ]
INFO: [ app_end ] --END-- [ RunTime:0.001910s ]

[ 2015-09-25T13:19:55+08:00 ] ::1 /Intellectual_Campus_01/Application/index.php/Check_Name/Teacher/validate.html
INFO: [ app_init ] --START--
INFO: Run Behavior\BuildLiteBehavior [ RunTime:0.000012s ]
INFO: [ app_init ] --END-- [ RunTime:0.000313s ]
INFO: [ app_begin ] --START--
INFO: Run Behavior\ReadHtmlCacheBehavior [ RunTime:0.000569s ]
INFO: [ app_begin ] --END-- [ RunTime:0.000609s ]
NOTIC: [8] Undefined variable: formUrl D:\XAMPP\htdocs\Intellectual_Campus_01\Application\Check_Name\Model\TeacherModel.class.php 第 14 行.

[ 2015-09-25T13:19:55+08:00 ] ::1 /Intellectual_Campus_01/Application/index.php/Check_Name/Teacher/courseDisplay/teacher_id/200911839.html
INFO: [ app_init ] --START--
INFO: Run Behavior\BuildLiteBehavior [ RunTime:0.000011s ]
INFO: [ app_init ] --END-- [ RunTime:0.000312s ]
INFO: [ app_begin ] --START--
INFO: Run Behavior\ReadHtmlCacheBehavior [ RunTime:0.000577s ]
INFO: [ app_begin ] --END-- [ RunTime:0.000617s ]
SQL: select teacher_name from teacher_information where teacher_id='200911839'  [ RunTime:0.0328s ]
NOTIC: [8] Use of undefined constant teacher_name - assumed 'teacher_name' D:\XAMPP\htdocs\Intellectual_Campus_01\Application\Check_Name\Controller\TeacherController.class.php 第 31 行.
SQL: select course_id ,course_name ,course_time from course_form where course_teacher='罗老师' [ RunTime:0.0325s ]
INFO: [ view_parse ] --START--
INFO: [ template_filter ] --START--
INFO: Run Behavior\ContentReplaceBehavior [ RunTime:0.000064s ]
INFO: [ template_filter ] --END-- [ RunTime:0.000146s ]
INFO: Run Behavior\ParseTemplateBehavior [ RunTime:0.020229s ]
INFO: [ view_parse ] --END-- [ RunTime:0.020348s ]
INFO: [ view_filter ] --START--
INFO: Run Behavior\WriteHtmlCacheBehavior [ RunTime:0.000813s ]
INFO: [ view_filter ] --END-- [ RunTime:0.000878s ]
INFO: [ app_end ] --START--
INFO: Run Behavior\ShowPageTraceBehavior [ RunTime:0.001226s ]
INFO: [ app_end ] --END-- [ RunTime:0.001293s ]

[ 2015-09-25T13:54:59+08:00 ] ::1 /Intellectual_Campus_01/Application/index.php/Check_Name/CheckName/
INFO: [ app_init ] --START--
INFO: Run Behavior\BuildLiteBehavior [ RunTime:0.000012s ]
INFO: [ app_init ] --END-- [ RunTime:0.000303s ]
INFO: [ app_begin ] --START--
INFO: Run Behavior\ReadHtmlCacheBehavior [ RunTime:0.000587s ]
INFO: [ app_begin ] --END-- [ RunTime:0.000626s ]
NOTIC: [8] Use of undefined constant check_name_6 - assumed 'check_name_6' D:\XAMPP\htdocs\Intellectual_Campus_01\Application\Check_Name\Controller\CheckNameController.class.php 第 87 行.

[ 2015-09-25T13:56:50+08:00 ] ::1 /Intellectual_Campus_01/Application/index.php/Check_Name/CheckName/index.php
INFO: [ app_init ] --START--
INFO: Run Behavior\BuildLiteBehavior [ RunTime:0.000012s ]
INFO: [ app_init ] --END-- [ RunTime:0.000302s ]
INFO: [ app_begin ] --START--
INFO: Run Behavior\ReadHtmlCacheBehavior [ RunTime:0.000587s ]
INFO: [ app_begin ] --END-- [ RunTime:0.000626s ]
ERR: 非法操作:index.php

[ 2015-09-25T13:56:56+08:00 ] ::1 /Intellectual_Campus_01/Application/index.php/Check_Name/CheckName/index
INFO: [ app_init ] --START--
INFO: Run Behavior\BuildLiteBehavior [ RunTime:0.000012s ]
INFO: [ app_init ] --END-- [ RunTime:0.000293s ]
INFO: [ app_begin ] --START--
INFO: Run Behavior\ReadHtmlCacheBehavior [ RunTime:0.000587s ]
INFO: [ app_begin ] --END-- [ RunTime:0.000625s ]
NOTIC: [8] Use of undefined constant check_name_6 - assumed 'check_name_6' D:\XAMPP\htdocs\Intellectual_Campus_01\Application\Check_Name\Controller\CheckNameController.class.php 第 87 行.

[ 2015-09-25T13:57:41+08:00 ] ::1 /Intellectual_Campus_01/Application/index.php/Check_Name/
INFO: [ app_init ] --START--
INFO: Run Behavior\BuildLiteBehavior [ RunTime:0.000012s ]
INFO: [ app_init ] --END-- [ RunTime:0.000288s ]
INFO: [ app_begin ] --START--
INFO: Run Behavior\ReadHtmlCacheBehavior [ RunTime:0.000816s ]
INFO: [ app_begin ] --END-- [ RunTime:0.000855s ]
INFO: [ view_parse ] --START--
INFO: [ template_filter ] --START--
INFO: Run Behavior\ContentReplaceBehavior [ RunTime:0.000043s ]
INFO: [ template_filter ] --END-- [ RunTime:0.000087s ]
NOTIC: [8] Undefined variable: open_id D:\XAMPP\htdocs\Intellectual_Campus_01\Application\Runtime\Cache\Check_Name\d59824ff3744ae18da381ae30b027160.php 第 10 行.
INFO: Run Behavior\ParseTemplateBehavior [ RunTime:0.059406s ]
INFO: [ view_parse ] --END-- [ RunTime:0.059468s ]
INFO: [ view_filter ] --START--
INFO: Run Behavior\WriteHtmlCacheBehavior [ RunTime:0.000893s ]
INFO: [ view_filter ] --END-- [ RunTime:0.000986s ]
INFO: [ app_end ] --START--
INFO: Run Behavior\ShowPageTraceBehavior [ RunTime:0.001960s ]
INFO: [ app_end ] --END-- [ RunTime:0.002053s ]

[ 2015-09-25T13:57:52+08:00 ] ::1 /Intellectual_Campus_01/Application/index.php/Check_Name/CheckName
INFO: [ app_init ] --START--
INFO: Run Behavior\BuildLiteBehavior [ RunTime:0.000012s ]
INFO: [ app_init ] --END-- [ RunTime:0.000315s ]
INFO: [ app_begin ] --START--
INFO: Run Behavior\ReadHtmlCacheBehavior [ RunTime:0.000579s ]
INFO: [ app_begin ] --END-- [ RunTime:0.000617s ]
NOTIC: [8] Use of undefined constant check_name_6 - assumed 'check_name_6' D:\XAMPP\htdocs\Intellectual_Campus_01\Application\Check_Name\Controller\CheckNameController.class.php 第 87 行.

[ 2015-09-25T13:59:31+08:00 ] ::1 /Intellectual_Campus_01/Application/index.php/Check_Name/CheckName
INFO: [ app_init ] --START--
INFO: Run Behavior\BuildLiteBehavior [ RunTime:0.000012s ]
INFO: [ app_init ] --END-- [ RunTime:0.000297s ]
INFO: [ app_begin ] --START--
INFO: Run Behavior\ReadHtmlCacheBehavior [ RunTime:0.000590s ]
INFO: [ app_begin ] --END-- [ RunTime:0.000629s ]
NOTIC: [8] Use of undefined constant check_name_6 - assumed 'check_name_6' D:\XAMPP\htdocs\Intellectual_Campus_01\Application\Check_Name\Controller\CheckNameController.class.php 第 87 行.
ERR: SQLSTATE[42000]: Syntax error or access violation: 1064 You have an error in your SQL syntax; check the manual that corresponds to your MySQL server version for the right syntax to use near ''check_name_6' set attend_stage='attend' where student_id='20131003499'' at line 1

[ 2015-09-25T14:00:03+08:00 ] ::1 /Intellectual_Campus_01/Application/index.php/Check_Name/CheckName
INFO: [ app_init ] --START--
INFO: Run Behavior\BuildLiteBehavior [ RunTime:0.000012s ]
INFO: [ app_init ] --END-- [ RunTime:0.000298s ]
INFO: [ app_begin ] --START--
INFO: Run Behavior\ReadHtmlCacheBehavior [ RunTime:0.000586s ]
INFO: [ app_begin ] --END-- [ RunTime:0.000625s ]
NOTIC: [8] Use of undefined constant check_name_6 - assumed 'check_name_6' D:\XAMPP\htdocs\Intellectual_Campus_01\Application\Check_Name\Controller\CheckNameController.class.php 第 87 行.
SQL: update check_name_6 set attend_stage='attend' where student_id='20131003499'  [ RunTime:0.0306s ]
INFO: [ app_end ] --START--
INFO: Run Behavior\ShowPageTraceBehavior [ RunTime:0.001492s ]
INFO: [ app_end ] --END-- [ RunTime:0.001570s ]

